<?xml version="1.0" encoding="UTF-8" standalone="no"?>
<testsuite failures="1" name="cucumber.runtime.formatter.JUnitFormatter" skipped="0" tests="1" time="28.635803">
<testcase classname="Keywords,Misc. Serarch, Date Search, Partner code" name="Effective date range and to date box date format and two year validation message" time="28.635803">
<failure message="java.lang.IndexOutOfBoundsException: Index: 0, Size: 0&#13;&#10;&#9;at java.util.ArrayList.rangeCheck(ArrayList.java:653)&#13;&#10;&#9;at java.util.ArrayList.get(ArrayList.java:429)&#13;&#10;&#9;at com.CucumberCraft.stepDefinitions.UserStory_US859349.user_click_on_the_calendar_button_in_textbox_named(UserStory_US859349.java:116)&#13;&#10;&#9;at ✽.And user click on the calendar button in textbox named &quot; Effective date range &quot;(UserStory_US859349.feature:81)&#13;&#10;"><![CDATA[Given user loads the data from "excel" located at "src\test\resources\Fixture\Promo_DB_Data.xlsx".passed
Then user launches browser with url "#TestUrl"..............................passed
And user click on the calendar button in textbox named " Effective date range ".failed
And select date from the calendar with month "09" date "26" year "2017".....skipped
And user click on the calendar button in textbox named " to "...............skipped
And select date from the calendar with month "09" date "26" year "2018".....skipped
And user click on the calendar button in textbox named " Effective date range ".skipped
And user click on "previous" in calendar....................................skipped
And user click on "next" in calendar........................................skipped

StackTrace:
java.lang.IndexOutOfBoundsException: Index: 0, Size: 0
	at java.util.ArrayList.rangeCheck(ArrayList.java:653)
	at java.util.ArrayList.get(ArrayList.java:429)
	at com.CucumberCraft.stepDefinitions.UserStory_US859349.user_click_on_the_calendar_button_in_textbox_named(UserStory_US859349.java:116)
	at ✽.And user click on the calendar button in textbox named " Effective date range "(UserStory_US859349.feature:81)
]]></failure>
</testcase>
</testsuite>
