<?xml version="1.0" encoding="UTF-8" standalone="no"?>
<testsuite failures="1" name="cucumber.runtime.formatter.JUnitFormatter" skipped="0" tests="1" time="235.816454">
<testcase classname="Restcall and Promo box field validation for multiple or single" name="Verify expand button against promo code for multiple promo code and ui fields with respect to Json data" time="235.816454">
<failure message="java.net.UnknownHostException: loyalty.qa.esoa.qcorpaa.aa.com&#13;&#10;&#9;at java.net.Inet6AddressImpl.lookupAllHostAddr(Native Method)&#13;&#10;&#9;at java.net.InetAddress$2.lookupAllHostAddr(InetAddress.java:928)&#13;&#10;&#9;at java.net.InetAddress.getAddressesFromNameService(InetAddress.java:1323)&#13;&#10;&#9;at java.net.InetAddress.getAllByName0(InetAddress.java:1276)&#13;&#10;&#9;at java.net.InetAddress.getAllByName(InetAddress.java:1192)&#13;&#10;&#9;at java.net.InetAddress.getAllByName(InetAddress.java:1126)&#13;&#10;&#9;at org.apache.http.impl.conn.SystemDefaultDnsResolver.resolve(SystemDefaultDnsResolver.java:45)&#13;&#10;&#9;at org.apache.http.impl.conn.DefaultClientConnectionOperator.resolveHostname(DefaultClientConnectionOperator.java:262)&#13;&#10;&#9;at org.apache.http.impl.conn.DefaultClientConnectionOperator.openConnection(DefaultClientConnectionOperator.java:161)&#13;&#10;&#9;at org.apache.http.impl.conn.ManagedClientConnectionImpl.open(ManagedClientConnectionImpl.java:328)&#13;&#10;&#9;at org.apache.http.impl.client.DefaultRequestDirector.tryConnect(DefaultRequestDirector.java:612)&#13;&#10;&#9;at org.apache.http.impl.client.DefaultRequestDirector.execute(DefaultRequestDirector.java:447)&#13;&#10;&#9;at org.apache.http.impl.client.AbstractHttpClient.doExecute(AbstractHttpClient.java:884)&#13;&#10;&#9;at org.apache.http.impl.client.CloseableHttpClient.execute(CloseableHttpClient.java:82)&#13;&#10;&#9;at org.apache.http.impl.client.CloseableHttpClient.execute(CloseableHttpClient.java:55)&#13;&#10;&#9;at org.apache.http.client.HttpClient$execute$0.call(Unknown Source)&#13;&#10;&#9;at org.codehaus.groovy.runtime.callsite.CallSiteArray.defaultCall(CallSiteArray.java:48)&#13;&#10;&#9;at org.codehaus.groovy.runtime.callsite.AbstractCallSite.call(AbstractCallSite.java:113)&#13;&#10;&#9;at org.codehaus.groovy.runtime.callsite.AbstractCallSite.call(AbstractCallSite.java:133)&#13;&#10;&#9;at io.restassured.internal.RequestSpecificationImpl$RestAssuredHttpBuilder.doRequest(RequestSpecificationImpl.groovy:2141)&#13;&#10;&#9;at io.restassured.internal.http.HTTPBuilder.doRequest(HTTPBuilder.java:494)&#13;&#10;&#9;at io.restassured.internal.http.HTTPBuilder.request(HTTPBuilder.java:451)&#13;&#10;&#9;at io.restassured.internal.http.HTTPBuilder$request$2.call(Unknown Source)&#13;&#10;&#9;at org.codehaus.groovy.runtime.callsite.CallSiteArray.defaultCall(CallSiteArray.java:48)&#13;&#10;&#9;at org.codehaus.groovy.runtime.callsite.AbstractCallSite.call(AbstractCallSite.java:113)&#13;&#10;&#9;at org.codehaus.groovy.runtime.callsite.AbstractCallSite.call(AbstractCallSite.java:149)&#13;&#10;&#9;at io.restassured.internal.RequestSpecificationImpl.sendHttpRequest(RequestSpecificationImpl.groovy:1544)&#13;&#10;&#9;at sun.reflect.NativeMethodAccessorImpl.invoke0(Native Method)&#13;&#10;&#9;at sun.reflect.NativeMethodAccessorImpl.invoke(NativeMethodAccessorImpl.java:62)&#13;&#10;&#9;at sun.reflect.DelegatingMethodAccessorImpl.invoke(DelegatingMethodAccessorImpl.java:43)&#13;&#10;&#9;at java.lang.reflect.Method.invoke(Method.java:498)&#13;&#10;&#9;at org.codehaus.groovy.reflection.CachedMethod.invoke(CachedMethod.java:93)&#13;&#10;&#9;at groovy.lang.MetaMethod.doMethodInvoke(MetaMethod.java:325)&#13;&#10;&#9;at groovy.lang.MetaClassImpl.invokeMethod(MetaClassImpl.java:1213)&#13;&#10;&#9;at groovy.lang.MetaClassImpl.invokeMethod(MetaClassImpl.java:1022)&#13;&#10;&#9;at groovy.lang.MetaClassImpl.invokeMethod(MetaClassImpl.java:810)&#13;&#10;&#9;at io.restassured.internal.RequestSpecificationImpl.invokeMethod(RequestSpecificationImpl.groovy)&#13;&#10;&#9;at org.codehaus.groovy.runtime.callsite.PogoInterceptableSite.call(PogoInterceptableSite.java:48)&#13;&#10;&#9;at org.codehaus.groovy.runtime.callsite.PogoInterceptableSite.callCurrent(PogoInterceptableSite.java:58)&#13;&#10;&#9;at org.codehaus.groovy.runtime.callsite.CallSiteArray.defaultCallCurrent(CallSiteArray.java:52)&#13;&#10;&#9;at org.codehaus.groovy.runtime.callsite.AbstractCallSite.callCurrent(AbstractCallSite.java:154)&#13;&#10;&#9;at io.restassured.internal.RequestSpecificationImpl.sendRequest(RequestSpecificationImpl.groovy:1293)&#13;&#10;&#9;at sun.reflect.NativeMethodAccessorImpl.invoke0(Native Method)&#13;&#10;&#9;at sun.reflect.NativeMethodAccessorImpl.invoke(NativeMethodAccessorImpl.java:62)&#13;&#10;&#9;at sun.reflect.DelegatingMethodAccessorImpl.invoke(DelegatingMethodAccessorImpl.java:43)&#13;&#10;&#9;at java.lang.reflect.Method.invoke(Method.java:498)&#13;&#10;&#9;at org.codehaus.groovy.reflection.CachedMethod.invoke(CachedMethod.java:93)&#13;&#10;&#9;at groovy.lang.MetaMethod.doMethodInvoke(MetaMethod.java:325)&#13;&#10;&#9;at groovy.lang.MetaClassImpl.invokeMethod(MetaClassImpl.java:1213)&#13;&#10;&#9;at groovy.lang.MetaClassImpl.invokeMethod(MetaClassImpl.java:1022)&#13;&#10;&#9;at groovy.lang.MetaClassImpl.invokeMethod(MetaClassImpl.java:810)&#13;&#10;&#9;at io.restassured.internal.RequestSpecificationImpl.invokeMethod(RequestSpecificationImpl.groovy)&#13;&#10;&#9;at org.codehaus.groovy.runtime.callsite.PogoInterceptableSite.call(PogoInterceptableSite.java:48)&#13;&#10;&#9;at org.codehaus.groovy.runtime.callsite.CallSiteArray.defaultCall(CallSiteArray.java:48)&#13;&#10;&#9;at org.codehaus.groovy.runtime.callsite.AbstractCallSite.call(AbstractCallSite.java:113)&#13;&#10;&#9;at org.codehaus.groovy.runtime.callsite.AbstractCallSite.call(AbstractCallSite.java:149)&#13;&#10;&#9;at io.restassured.internal.filter.SendRequestFilter.filter(SendRequestFilter.groovy:30)&#13;&#10;&#9;at io.restassured.filter.Filter$filter$0.call(Unknown Source)&#13;&#10;&#9;at org.codehaus.groovy.runtime.callsite.CallSiteArray.defaultCall(CallSiteArray.java:48)&#13;&#10;&#9;at io.restassured.filter.Filter$filter.call(Unknown Source)&#13;&#10;&#9;at io.restassured.internal.filter.FilterContextImpl.next(FilterContextImpl.groovy:72)&#13;&#10;&#9;at io.restassured.filter.time.TimingFilter.filter(TimingFilter.java:56)&#13;&#10;&#9;at io.restassured.filter.Filter$filter.call(Unknown Source)&#13;&#10;&#9;at org.codehaus.groovy.runtime.callsite.CallSiteArray.defaultCall(CallSiteArray.java:48)&#13;&#10;&#9;at org.codehaus.groovy.runtime.callsite.AbstractCallSite.call(AbstractCallSite.java:113)&#13;&#10;&#9;at org.codehaus.groovy.runtime.callsite.AbstractCallSite.call(AbstractCallSite.java:141)&#13;&#10;&#9;at io.restassured.internal.filter.FilterContextImpl.next(FilterContextImpl.groovy:72)&#13;&#10;&#9;at io.restassured.filter.FilterContext$next.call(Unknown Source)&#13;&#10;&#9;at org.codehaus.groovy.runtime.callsite.CallSiteArray.defaultCall(CallSiteArray.java:48)&#13;&#10;&#9;at org.codehaus.groovy.runtime.callsite.AbstractCallSite.call(AbstractCallSite.java:113)&#13;&#10;&#9;at org.codehaus.groovy.runtime.callsite.AbstractCallSite.call(AbstractCallSite.java:133)&#13;&#10;&#9;at io.restassured.internal.RequestSpecificationImpl.applyPathParamsAndSendRequest(RequestSpecificationImpl.groovy:1744)&#13;&#10;&#9;at sun.reflect.NativeMethodAccessorImpl.invoke0(Native Method)&#13;&#10;&#9;at sun.reflect.NativeMethodAccessorImpl.invoke(NativeMethodAccessorImpl.java:62)&#13;&#10;&#9;at sun.reflect.DelegatingMethodAccessorImpl.invoke(DelegatingMethodAccessorImpl.java:43)&#13;&#10;&#9;at java.lang.reflect.Method.invoke(Method.java:498)&#13;&#10;&#9;at org.codehaus.groovy.reflection.CachedMethod.invoke(CachedMethod.java:93)&#13;&#10;&#9;at groovy.lang.MetaMethod.doMethodInvoke(MetaMethod.java:325)&#13;&#10;&#9;at groovy.lang.MetaClassImpl.invokeMethod(MetaClassImpl.java:1213)&#13;&#10;&#9;at groovy.lang.MetaClassImpl.invokeMethod(MetaClassImpl.java:1022)&#13;&#10;&#9;at groovy.lang.MetaClassImpl.invokeMethod(MetaClassImpl.java:810)&#13;&#10;&#9;at io.restassured.internal.RequestSpecificationImpl.invokeMethod(RequestSpecificationImpl.groovy)&#13;&#10;&#9;at org.codehaus.groovy.runtime.callsite.PogoInterceptableSite.call(PogoInterceptableSite.java:48)&#13;&#10;&#9;at org.codehaus.groovy.runtime.callsite.PogoInterceptableSite.callCurrent(PogoInterceptableSite.java:58)&#13;&#10;&#9;at org.codehaus.groovy.runtime.callsite.CallSiteArray.defaultCallCurrent(CallSiteArray.java:52)&#13;&#10;&#9;at org.codehaus.groovy.runtime.callsite.AbstractCallSite.callCurrent(AbstractCallSite.java:154)&#13;&#10;&#9;at org.codehaus.groovy.runtime.callsite.AbstractCallSite.callCurrent(AbstractCallSite.java:182)&#13;&#10;&#9;at io.restassured.internal.RequestSpecificationImpl.applyPathParamsAndSendRequest(RequestSpecificationImpl.groovy:1750)&#13;&#10;&#9;at sun.reflect.NativeMethodAccessorImpl.invoke0(Native Method)&#13;&#10;&#9;at sun.reflect.NativeMethodAccessorImpl.invoke(NativeMethodAccessorImpl.java:62)&#13;&#10;&#9;at sun.reflect.DelegatingMethodAccessorImpl.invoke(DelegatingMethodAccessorImpl.java:43)&#13;&#10;&#9;at java.lang.reflect.Method.invoke(Method.java:498)&#13;&#10;&#9;at org.codehaus.groovy.reflection.CachedMethod.invoke(CachedMethod.java:93)&#13;&#10;&#9;at groovy.lang.MetaMethod.doMethodInvoke(MetaMethod.java:325)&#13;&#10;&#9;at groovy.lang.MetaClassImpl.invokeMethod(MetaClassImpl.java:1213)&#13;&#10;&#9;at groovy.lang.MetaClassImpl.invokeMethod(MetaClassImpl.java:1022)&#13;&#10;&#9;at groovy.lang.MetaClassImpl.invokeMethod(MetaClassImpl.java:810)&#13;&#10;&#9;at io.restassured.internal.RequestSpecificationImpl.invokeMethod(RequestSpecificationImpl.groovy)&#13;&#10;&#9;at org.codehaus.groovy.runtime.callsite.PogoInterceptableSite.call(PogoInterceptableSite.java:48)&#13;&#10;&#9;at org.codehaus.groovy.runtime.callsite.PogoInterceptableSite.callCurrent(PogoInterceptableSite.java:58)&#13;&#10;&#9;at org.codehaus.groovy.runtime.callsite.CallSiteArray.defaultCallCurrent(CallSiteArray.java:52)&#13;&#10;&#9;at org.codehaus.groovy.runtime.callsite.AbstractCallSite.callCurrent(AbstractCallSite.java:154)&#13;&#10;&#9;at org.codehaus.groovy.runtime.callsite.AbstractCallSite.callCurrent(AbstractCallSite.java:182)&#13;&#10;&#9;at io.restassured.internal.RequestSpecificationImpl.get(RequestSpecificationImpl.groovy:171)&#13;&#10;&#9;at io.restassured.internal.RequestSpecificationImpl.get(RequestSpecificationImpl.groovy)&#13;&#10;&#9;at com.CucumberCraft.API.ServicesCalls.restcalls(ServicesCalls.java:20)&#13;&#10;&#9;at com.CucumberCraft.stepDefinitions.UserStory_US859355.user_perform_a_restcalls(UserStory_US859355.java:40)&#13;&#10;&#9;at ✽.And user perform a restcalls(serviceTestFile.feature:8)&#13;&#10;"><![CDATA[Given user loads the data from "excel" located at "src\test\resources\Fixture\Promo_DB_Data.xlsx".passed
Then user launches browser with url "#TestUrl"..............................passed
And user perform a restcalls................................................failed
And user enters the Promo code "#Promo Code" in Search box named " Promo / PST / TA Code ".skipped
And user clicks on the search button........................................skipped
And user clicks on the Expand button against at "RVGLD" to see details......skipped
And user verifies the UI with respect to Json...............................skipped

StackTrace:
java.net.UnknownHostException: loyalty.qa.esoa.qcorpaa.aa.com
	at java.net.Inet6AddressImpl.lookupAllHostAddr(Native Method)
	at java.net.InetAddress$2.lookupAllHostAddr(InetAddress.java:928)
	at java.net.InetAddress.getAddressesFromNameService(InetAddress.java:1323)
	at java.net.InetAddress.getAllByName0(InetAddress.java:1276)
	at java.net.InetAddress.getAllByName(InetAddress.java:1192)
	at java.net.InetAddress.getAllByName(InetAddress.java:1126)
	at org.apache.http.impl.conn.SystemDefaultDnsResolver.resolve(SystemDefaultDnsResolver.java:45)
	at org.apache.http.impl.conn.DefaultClientConnectionOperator.resolveHostname(DefaultClientConnectionOperator.java:262)
	at org.apache.http.impl.conn.DefaultClientConnectionOperator.openConnection(DefaultClientConnectionOperator.java:161)
	at org.apache.http.impl.conn.ManagedClientConnectionImpl.open(ManagedClientConnectionImpl.java:328)
	at org.apache.http.impl.client.DefaultRequestDirector.tryConnect(DefaultRequestDirector.java:612)
	at org.apache.http.impl.client.DefaultRequestDirector.execute(DefaultRequestDirector.java:447)
	at org.apache.http.impl.client.AbstractHttpClient.doExecute(AbstractHttpClient.java:884)
	at org.apache.http.impl.client.CloseableHttpClient.execute(CloseableHttpClient.java:82)
	at org.apache.http.impl.client.CloseableHttpClient.execute(CloseableHttpClient.java:55)
	at org.apache.http.client.HttpClient$execute$0.call(Unknown Source)
	at org.codehaus.groovy.runtime.callsite.CallSiteArray.defaultCall(CallSiteArray.java:48)
	at org.codehaus.groovy.runtime.callsite.AbstractCallSite.call(AbstractCallSite.java:113)
	at org.codehaus.groovy.runtime.callsite.AbstractCallSite.call(AbstractCallSite.java:133)
	at io.restassured.internal.RequestSpecificationImpl$RestAssuredHttpBuilder.doRequest(RequestSpecificationImpl.groovy:2141)
	at io.restassured.internal.http.HTTPBuilder.doRequest(HTTPBuilder.java:494)
	at io.restassured.internal.http.HTTPBuilder.request(HTTPBuilder.java:451)
	at io.restassured.internal.http.HTTPBuilder$request$2.call(Unknown Source)
	at org.codehaus.groovy.runtime.callsite.CallSiteArray.defaultCall(CallSiteArray.java:48)
	at org.codehaus.groovy.runtime.callsite.AbstractCallSite.call(AbstractCallSite.java:113)
	at org.codehaus.groovy.runtime.callsite.AbstractCallSite.call(AbstractCallSite.java:149)
	at io.restassured.internal.RequestSpecificationImpl.sendHttpRequest(RequestSpecificationImpl.groovy:1544)
	at sun.reflect.NativeMethodAccessorImpl.invoke0(Native Method)
	at sun.reflect.NativeMethodAccessorImpl.invoke(NativeMethodAccessorImpl.java:62)
	at sun.reflect.DelegatingMethodAccessorImpl.invoke(DelegatingMethodAccessorImpl.java:43)
	at java.lang.reflect.Method.invoke(Method.java:498)
	at org.codehaus.groovy.reflection.CachedMethod.invoke(CachedMethod.java:93)
	at groovy.lang.MetaMethod.doMethodInvoke(MetaMethod.java:325)
	at groovy.lang.MetaClassImpl.invokeMethod(MetaClassImpl.java:1213)
	at groovy.lang.MetaClassImpl.invokeMethod(MetaClassImpl.java:1022)
	at groovy.lang.MetaClassImpl.invokeMethod(MetaClassImpl.java:810)
	at io.restassured.internal.RequestSpecificationImpl.invokeMethod(RequestSpecificationImpl.groovy)
	at org.codehaus.groovy.runtime.callsite.PogoInterceptableSite.call(PogoInterceptableSite.java:48)
	at org.codehaus.groovy.runtime.callsite.PogoInterceptableSite.callCurrent(PogoInterceptableSite.java:58)
	at org.codehaus.groovy.runtime.callsite.CallSiteArray.defaultCallCurrent(CallSiteArray.java:52)
	at org.codehaus.groovy.runtime.callsite.AbstractCallSite.callCurrent(AbstractCallSite.java:154)
	at io.restassured.internal.RequestSpecificationImpl.sendRequest(RequestSpecificationImpl.groovy:1293)
	at sun.reflect.NativeMethodAccessorImpl.invoke0(Native Method)
	at sun.reflect.NativeMethodAccessorImpl.invoke(NativeMethodAccessorImpl.java:62)
	at sun.reflect.DelegatingMethodAccessorImpl.invoke(DelegatingMethodAccessorImpl.java:43)
	at java.lang.reflect.Method.invoke(Method.java:498)
	at org.codehaus.groovy.reflection.CachedMethod.invoke(CachedMethod.java:93)
	at groovy.lang.MetaMethod.doMethodInvoke(MetaMethod.java:325)
	at groovy.lang.MetaClassImpl.invokeMethod(MetaClassImpl.java:1213)
	at groovy.lang.MetaClassImpl.invokeMethod(MetaClassImpl.java:1022)
	at groovy.lang.MetaClassImpl.invokeMethod(MetaClassImpl.java:810)
	at io.restassured.internal.RequestSpecificationImpl.invokeMethod(RequestSpecificationImpl.groovy)
	at org.codehaus.groovy.runtime.callsite.PogoInterceptableSite.call(PogoInterceptableSite.java:48)
	at org.codehaus.groovy.runtime.callsite.CallSiteArray.defaultCall(CallSiteArray.java:48)
	at org.codehaus.groovy.runtime.callsite.AbstractCallSite.call(AbstractCallSite.java:113)
	at org.codehaus.groovy.runtime.callsite.AbstractCallSite.call(AbstractCallSite.java:149)
	at io.restassured.internal.filter.SendRequestFilter.filter(SendRequestFilter.groovy:30)
	at io.restassured.filter.Filter$filter$0.call(Unknown Source)
	at org.codehaus.groovy.runtime.callsite.CallSiteArray.defaultCall(CallSiteArray.java:48)
	at io.restassured.filter.Filter$filter.call(Unknown Source)
	at io.restassured.internal.filter.FilterContextImpl.next(FilterContextImpl.groovy:72)
	at io.restassured.filter.time.TimingFilter.filter(TimingFilter.java:56)
	at io.restassured.filter.Filter$filter.call(Unknown Source)
	at org.codehaus.groovy.runtime.callsite.CallSiteArray.defaultCall(CallSiteArray.java:48)
	at org.codehaus.groovy.runtime.callsite.AbstractCallSite.call(AbstractCallSite.java:113)
	at org.codehaus.groovy.runtime.callsite.AbstractCallSite.call(AbstractCallSite.java:141)
	at io.restassured.internal.filter.FilterContextImpl.next(FilterContextImpl.groovy:72)
	at io.restassured.filter.FilterContext$next.call(Unknown Source)
	at org.codehaus.groovy.runtime.callsite.CallSiteArray.defaultCall(CallSiteArray.java:48)
	at org.codehaus.groovy.runtime.callsite.AbstractCallSite.call(AbstractCallSite.java:113)
	at org.codehaus.groovy.runtime.callsite.AbstractCallSite.call(AbstractCallSite.java:133)
	at io.restassured.internal.RequestSpecificationImpl.applyPathParamsAndSendRequest(RequestSpecificationImpl.groovy:1744)
	at sun.reflect.NativeMethodAccessorImpl.invoke0(Native Method)
	at sun.reflect.NativeMethodAccessorImpl.invoke(NativeMethodAccessorImpl.java:62)
	at sun.reflect.DelegatingMethodAccessorImpl.invoke(DelegatingMethodAccessorImpl.java:43)
	at java.lang.reflect.Method.invoke(Method.java:498)
	at org.codehaus.groovy.reflection.CachedMethod.invoke(CachedMethod.java:93)
	at groovy.lang.MetaMethod.doMethodInvoke(MetaMethod.java:325)
	at groovy.lang.MetaClassImpl.invokeMethod(MetaClassImpl.java:1213)
	at groovy.lang.MetaClassImpl.invokeMethod(MetaClassImpl.java:1022)
	at groovy.lang.MetaClassImpl.invokeMethod(MetaClassImpl.java:810)
	at io.restassured.internal.RequestSpecificationImpl.invokeMethod(RequestSpecificationImpl.groovy)
	at org.codehaus.groovy.runtime.callsite.PogoInterceptableSite.call(PogoInterceptableSite.java:48)
	at org.codehaus.groovy.runtime.callsite.PogoInterceptableSite.callCurrent(PogoInterceptableSite.java:58)
	at org.codehaus.groovy.runtime.callsite.CallSiteArray.defaultCallCurrent(CallSiteArray.java:52)
	at org.codehaus.groovy.runtime.callsite.AbstractCallSite.callCurrent(AbstractCallSite.java:154)
	at org.codehaus.groovy.runtime.callsite.AbstractCallSite.callCurrent(AbstractCallSite.java:182)
	at io.restassured.internal.RequestSpecificationImpl.applyPathParamsAndSendRequest(RequestSpecificationImpl.groovy:1750)
	at sun.reflect.NativeMethodAccessorImpl.invoke0(Native Method)
	at sun.reflect.NativeMethodAccessorImpl.invoke(NativeMethodAccessorImpl.java:62)
	at sun.reflect.DelegatingMethodAccessorImpl.invoke(DelegatingMethodAccessorImpl.java:43)
	at java.lang.reflect.Method.invoke(Method.java:498)
	at org.codehaus.groovy.reflection.CachedMethod.invoke(CachedMethod.java:93)
	at groovy.lang.MetaMethod.doMethodInvoke(MetaMethod.java:325)
	at groovy.lang.MetaClassImpl.invokeMethod(MetaClassImpl.java:1213)
	at groovy.lang.MetaClassImpl.invokeMethod(MetaClassImpl.java:1022)
	at groovy.lang.MetaClassImpl.invokeMethod(MetaClassImpl.java:810)
	at io.restassured.internal.RequestSpecificationImpl.invokeMethod(RequestSpecificationImpl.groovy)
	at org.codehaus.groovy.runtime.callsite.PogoInterceptableSite.call(PogoInterceptableSite.java:48)
	at org.codehaus.groovy.runtime.callsite.PogoInterceptableSite.callCurrent(PogoInterceptableSite.java:58)
	at org.codehaus.groovy.runtime.callsite.CallSiteArray.defaultCallCurrent(CallSiteArray.java:52)
	at org.codehaus.groovy.runtime.callsite.AbstractCallSite.callCurrent(AbstractCallSite.java:154)
	at org.codehaus.groovy.runtime.callsite.AbstractCallSite.callCurrent(AbstractCallSite.java:182)
	at io.restassured.internal.RequestSpecificationImpl.get(RequestSpecificationImpl.groovy:171)
	at io.restassured.internal.RequestSpecificationImpl.get(RequestSpecificationImpl.groovy)
	at com.CucumberCraft.API.ServicesCalls.restcalls(ServicesCalls.java:20)
	at com.CucumberCraft.stepDefinitions.UserStory_US859355.user_perform_a_restcalls(UserStory_US859355.java:40)
	at ✽.And user perform a restcalls(serviceTestFile.feature:8)
]]></failure>
</testcase>
</testsuite>
