<?xml version="1.0" encoding="UTF-8" standalone="no"?>
<testsuite failures="1" name="cucumber.runtime.formatter.JUnitFormatter" skipped="0" tests="1" time="9.467426">
<testcase classname="pagination of box" name="Verify the pagination is present" time="9.467426">
<failure message="java.lang.ExceptionInInitializerError&#13;&#10;&#9;at com.CucumberCraft.Screenshot.ScreenshotTaker.&lt;clinit&gt;(ScreenshotTaker.java:19)&#13;&#10;&#9;at com.CucumberCraft.stepDefinitions.Browser_Excel_StepDef.user_launches_browser_with_url(Browser_Excel_StepDef.java:28)&#13;&#10;&#9;at ✽.Then user launches browser with url &quot;#TestUrl&quot;(UserStory_US869555.feature:6)&#13;&#10;Caused by: java.lang.NullPointerException&#13;&#10;&#9;at com.CucumberCraft.supportLibraries.DriverManager.setWebDriver(DriverManager.java:88)&#13;&#10;&#9;at com.CucumberCraft.supportLibraries.DriverManager.getWebDriver(DriverManager.java:46)&#13;&#10;&#9;at com.CucumberCraft.Screenshot.EventHandler.&lt;clinit&gt;(EventHandler.java:16)&#13;&#10;&#9;at com.CucumberCraft.Screenshot.ScreenshotTaker.&lt;clinit&gt;(ScreenshotTaker.java:19)&#13;&#10;&#9;at com.CucumberCraft.stepDefinitions.Browser_Excel_StepDef.user_launches_browser_with_url(Browser_Excel_StepDef.java:28)&#13;&#10;&#9;at sun.reflect.NativeMethodAccessorImpl.invoke0(Native Method)&#13;&#10;&#9;at sun.reflect.NativeMethodAccessorImpl.invoke(NativeMethodAccessorImpl.java:62)&#13;&#10;&#9;at sun.reflect.DelegatingMethodAccessorImpl.invoke(DelegatingMethodAccessorImpl.java:43)&#13;&#10;&#9;at java.lang.reflect.Method.invoke(Method.java:498)&#13;&#10;&#9;at cucumber.runtime.Utils$1.call(Utils.java:40)&#13;&#10;&#9;at cucumber.runtime.Timeout.timeout(Timeout.java:16)&#13;&#10;&#9;at cucumber.runtime.Utils.invoke(Utils.java:34)&#13;&#10;&#9;at cucumber.runtime.java.JavaStepDefinition.execute(JavaStepDefinition.java:38)&#13;&#10;&#9;at cucumber.runtime.StepDefinitionMatch.runStep(StepDefinitionMatch.java:37)&#13;&#10;&#9;at cucumber.runtime.Runtime.runStep(Runtime.java:300)&#13;&#10;&#9;at cucumber.runtime.model.StepContainer.runStep(StepContainer.java:44)&#13;&#10;&#9;at cucumber.runtime.model.StepContainer.runSteps(StepContainer.java:39)&#13;&#10;&#9;at cucumber.runtime.model.CucumberScenario.run(CucumberScenario.java:44)&#13;&#10;&#9;at cucumber.runtime.model.CucumberFeature.run(CucumberFeature.java:165)&#13;&#10;&#9;at cucumber.api.testng.TestNGCucumberRunner.runCucumber(TestNGCucumberRunner.java:63)&#13;&#10;&#9;at cucumber.api.testng.AbstractTestNGCucumberTests.feature(AbstractTestNGCucumberTests.java:21)&#13;&#10;&#9;at sun.reflect.NativeMethodAccessorImpl.invoke0(Native Method)&#13;&#10;&#9;at sun.reflect.NativeMethodAccessorImpl.invoke(NativeMethodAccessorImpl.java:62)&#13;&#10;&#9;at sun.reflect.DelegatingMethodAccessorImpl.invoke(DelegatingMethodAccessorImpl.java:43)&#13;&#10;&#9;at java.lang.reflect.Method.invoke(Method.java:498)&#13;&#10;&#9;at org.testng.internal.MethodInvocationHelper.invokeMethod(MethodInvocationHelper.java:108)&#13;&#10;&#9;at org.testng.internal.Invoker.invokeMethod(Invoker.java:661)&#13;&#10;&#9;at org.testng.internal.Invoker.invokeTestMethod(Invoker.java:869)&#13;&#10;&#9;at org.testng.internal.Invoker.invokeTestMethods(Invoker.java:1193)&#13;&#10;&#9;at org.testng.internal.TestMethodWorker.invokeTestMethods(TestMethodWorker.java:126)&#13;&#10;&#9;at org.testng.internal.TestMethodWorker.run(TestMethodWorker.java:109)&#13;&#10;&#9;at org.testng.TestRunner.privateRun(TestRunner.java:744)&#13;&#10;&#9;at org.testng.TestRunner.run(TestRunner.java:602)&#13;&#10;&#9;at org.testng.SuiteRunner.runTest(SuiteRunner.java:380)&#13;&#10;&#9;at org.testng.SuiteRunner.access$000(SuiteRunner.java:39)&#13;&#10;&#9;at org.testng.SuiteRunner$SuiteWorker.run(SuiteRunner.java:414)&#13;&#10;&#9;at org.testng.internal.thread.ThreadUtil$1.call(ThreadUtil.java:52)&#13;&#10;&#9;at java.util.concurrent.FutureTask.run(FutureTask.java:266)&#13;&#10;&#9;at java.util.concurrent.ThreadPoolExecutor.runWorker(ThreadPoolExecutor.java:1149)&#13;&#10;&#9;at java.util.concurrent.ThreadPoolExecutor$Worker.run(ThreadPoolExecutor.java:624)&#13;&#10;&#9;at java.lang.Thread.run(Thread.java:748)&#13;&#10;"><![CDATA[Given user loads the data from "excel" located at "src/test/resources/Fixture/Promo_DB_Data.xlsx".passed
Then user launches browser with url "#TestUrl"..............................failed
And user enters the Promo code "#Promo Code" in Search box named " Promo / PST / TA Code ".skipped
And user clicks on the search button........................................skipped
When user checks that maximum 10 promo box are present in search result.....skipped
Then user can see page number and pagination icon...........................skipped

StackTrace:
java.lang.ExceptionInInitializerError
	at com.CucumberCraft.Screenshot.ScreenshotTaker.<clinit>(ScreenshotTaker.java:19)
	at com.CucumberCraft.stepDefinitions.Browser_Excel_StepDef.user_launches_browser_with_url(Browser_Excel_StepDef.java:28)
	at ✽.Then user launches browser with url "#TestUrl"(UserStory_US869555.feature:6)
Caused by: java.lang.NullPointerException
	at com.CucumberCraft.supportLibraries.DriverManager.setWebDriver(DriverManager.java:88)
	at com.CucumberCraft.supportLibraries.DriverManager.getWebDriver(DriverManager.java:46)
	at com.CucumberCraft.Screenshot.EventHandler.<clinit>(EventHandler.java:16)
	at com.CucumberCraft.Screenshot.ScreenshotTaker.<clinit>(ScreenshotTaker.java:19)
	at com.CucumberCraft.stepDefinitions.Browser_Excel_StepDef.user_launches_browser_with_url(Browser_Excel_StepDef.java:28)
	at sun.reflect.NativeMethodAccessorImpl.invoke0(Native Method)
	at sun.reflect.NativeMethodAccessorImpl.invoke(NativeMethodAccessorImpl.java:62)
	at sun.reflect.DelegatingMethodAccessorImpl.invoke(DelegatingMethodAccessorImpl.java:43)
	at java.lang.reflect.Method.invoke(Method.java:498)
	at cucumber.runtime.Utils$1.call(Utils.java:40)
	at cucumber.runtime.Timeout.timeout(Timeout.java:16)
	at cucumber.runtime.Utils.invoke(Utils.java:34)
	at cucumber.runtime.java.JavaStepDefinition.execute(JavaStepDefinition.java:38)
	at cucumber.runtime.StepDefinitionMatch.runStep(StepDefinitionMatch.java:37)
	at cucumber.runtime.Runtime.runStep(Runtime.java:300)
	at cucumber.runtime.model.StepContainer.runStep(StepContainer.java:44)
	at cucumber.runtime.model.StepContainer.runSteps(StepContainer.java:39)
	at cucumber.runtime.model.CucumberScenario.run(CucumberScenario.java:44)
	at cucumber.runtime.model.CucumberFeature.run(CucumberFeature.java:165)
	at cucumber.api.testng.TestNGCucumberRunner.runCucumber(TestNGCucumberRunner.java:63)
	at cucumber.api.testng.AbstractTestNGCucumberTests.feature(AbstractTestNGCucumberTests.java:21)
	at sun.reflect.NativeMethodAccessorImpl.invoke0(Native Method)
	at sun.reflect.NativeMethodAccessorImpl.invoke(NativeMethodAccessorImpl.java:62)
	at sun.reflect.DelegatingMethodAccessorImpl.invoke(DelegatingMethodAccessorImpl.java:43)
	at java.lang.reflect.Method.invoke(Method.java:498)
	at org.testng.internal.MethodInvocationHelper.invokeMethod(MethodInvocationHelper.java:108)
	at org.testng.internal.Invoker.invokeMethod(Invoker.java:661)
	at org.testng.internal.Invoker.invokeTestMethod(Invoker.java:869)
	at org.testng.internal.Invoker.invokeTestMethods(Invoker.java:1193)
	at org.testng.internal.TestMethodWorker.invokeTestMethods(TestMethodWorker.java:126)
	at org.testng.internal.TestMethodWorker.run(TestMethodWorker.java:109)
	at org.testng.TestRunner.privateRun(TestRunner.java:744)
	at org.testng.TestRunner.run(TestRunner.java:602)
	at org.testng.SuiteRunner.runTest(SuiteRunner.java:380)
	at org.testng.SuiteRunner.access$000(SuiteRunner.java:39)
	at org.testng.SuiteRunner$SuiteWorker.run(SuiteRunner.java:414)
	at org.testng.internal.thread.ThreadUtil$1.call(ThreadUtil.java:52)
	at java.util.concurrent.FutureTask.run(FutureTask.java:266)
	at java.util.concurrent.ThreadPoolExecutor.runWorker(ThreadPoolExecutor.java:1149)
	at java.util.concurrent.ThreadPoolExecutor$Worker.run(ThreadPoolExecutor.java:624)
	at java.lang.Thread.run(Thread.java:748)
]]></failure>
</testcase>
</testsuite>
