<?xml version="1.0" encoding="UTF-8" standalone="no"?>
<testsuite failures="3" name="cucumber.runtime.formatter.JUnitFormatter" skipped="0" tests="3" time="30.796126">
<testcase classname="Demo_script" name="Sample script showing google serach and launch" time="12.062977">
<failure message="java.lang.Error: Unresolved compilation problem: &#10;&#9;ExcelReadWrite cannot be resolved&#10;&#13;&#10;&#9;at com.CucumberCraft.stepDefinitions.Browser_Excel_StepDef.user_loads_the_data_from_located_at(Browser_Excel_StepDef.java:45)&#13;&#10;&#9;at ✽.Given user loads the data from &quot;excel&quot; located at &quot;src\test\resources\Fixture\TestData.xlsx&quot;(Google_Search_launch.feature:8)&#13;&#10;"><![CDATA[Given user loads the data from "excel" located at "src\test\resources\Fixture\TestData.xlsx".failed
Then user launches browser with url "#url"..................................skipped
Then user search for keyword "#Keyword".....................................skipped

StackTrace:
java.lang.Error: Unresolved compilation problem: 
	ExcelReadWrite cannot be resolved

	at com.CucumberCraft.stepDefinitions.Browser_Excel_StepDef.user_loads_the_data_from_located_at(Browser_Excel_StepDef.java:45)
	at ✽.Given user loads the data from "excel" located at "src\test\resources\Fixture\TestData.xlsx"(Google_Search_launch.feature:8)
]]></failure>
</testcase>
<testcase classname="Demo_script" name="Sample script showing google serach and launch" time="9.284215">
<failure message="java.lang.Error: Unresolved compilation problem: &#10;&#9;ExcelReadWrite cannot be resolved&#10;&#13;&#10;&#9;at com.CucumberCraft.stepDefinitions.Browser_Excel_StepDef.user_loads_the_data_from_located_at(Browser_Excel_StepDef.java:45)&#13;&#10;&#9;at ✽.Given user loads the data from &quot;excel&quot; located at &quot;src\test\resources\Fixture\TestData.xlsx&quot;(Google_Search_launch.feature:16)&#13;&#10;"><![CDATA[Given user loads the data from "excel" located at "src\test\resources\Fixture\TestData.xlsx".failed
Then user launches browser with url "#url"..................................skipped
Then user search for keyword "#Keyword".....................................skipped
Then user click on the first hyperlink......................................skipped

StackTrace:
java.lang.Error: Unresolved compilation problem: 
	ExcelReadWrite cannot be resolved

	at com.CucumberCraft.stepDefinitions.Browser_Excel_StepDef.user_loads_the_data_from_located_at(Browser_Excel_StepDef.java:45)
	at ✽.Given user loads the data from "excel" located at "src\test\resources\Fixture\TestData.xlsx"(Google_Search_launch.feature:16)
]]></failure>
</testcase>
<testcase classname="Promo_PST_TA Search" name="Verify search label name is Promo_PST_TA Code" time="9.448934">
<failure message="java.lang.Error: Unresolved compilation problem: &#10;&#9;ExcelReadWrite cannot be resolved&#10;&#13;&#10;&#9;at com.CucumberCraft.stepDefinitions.Browser_Excel_StepDef.user_loads_the_data_from_located_at(Browser_Excel_StepDef.java:45)&#13;&#10;&#9;at ✽.Given user loads the data from &quot;excel&quot; located at &quot;src\test\resources\Fixture\Promo_DB_Data.xlsx&quot;(UserStory_US859342.feature:5)&#13;&#10;"><![CDATA[Given user loads the data from "excel" located at "src\test\resources\Fixture\Promo_DB_Data.xlsx".failed
Then user launches browser with url "#TestUrl"..............................skipped
And user validates searchbox named " Promo / PST / TA Code " is present on the page.skipped
And user validates searchbox named " Promo / PST / TA Code " is "enabled"...skipped

StackTrace:
java.lang.Error: Unresolved compilation problem: 
	ExcelReadWrite cannot be resolved

	at com.CucumberCraft.stepDefinitions.Browser_Excel_StepDef.user_loads_the_data_from_located_at(Browser_Excel_StepDef.java:45)
	at ✽.Given user loads the data from "excel" located at "src\test\resources\Fixture\Promo_DB_Data.xlsx"(UserStory_US859342.feature:5)
]]></failure>
</testcase>
</testsuite>
