<?xml version="1.0" encoding="UTF-8"?>
<testsuite xmlns:xsi="http://www.w3.org/2001/XMLSchema-instance" xsi:noNamespaceSchemaLocation="https://maven.apache.org/surefire/maven-surefire-plugin/xsd/surefire-test-report.xsd" name="TestSuite" time="17.095" tests="1" errors="0" skipped="0" failures="1">
  <properties>
[...]
</properties>
  <testcase name="feature" classname="com.CucumberCraft.TestNGrunners.RunCucumberTests_Smoke" time="10.834">
    <failure message="java.lang.ExceptionInInitializerError" type="cucumber.runtime.CucumberException">cucumber.runtime.CucumberException: java.lang.ExceptionInInitializerError
Caused by: java.lang.ExceptionInInitializerError
Caused by: java.lang.NullPointerException
</failure>
    <system-out><![CDATA[2018-10-23 22:41:23,918 [TestNG-tests-1] WARN  com.CucumberCraft.supportLibraries.WebDriverListener - Provided method is NOT a TestNG testMethod!!!
Feature: pagination of box
2018-10-23 22:41:26,563 [TestNG-tests-1] INFO  com.CucumberCraft.ExcelReadWrite.ExcelReadWrite - total number of tags used in file are: 2
2018-10-23 22:41:26,564 [TestNG-tests-1] INFO  com.CucumberCraft.ExcelReadWrite.ExcelReadWrite - Tags used are: [@TestId_APS_45, @UserStory_US869555]
2018-10-23 22:41:28,585 [TestNG-tests-1] INFO  com.CucumberCraft.stepDefinitions.CukeHooks - Running the Scenario : Verify the pagination is present
2018-10-23 22:41:28,585 [TestNG-tests-1] INFO  com.CucumberCraft.stepDefinitions.CukeHooks - Running the Scenario : Verify the pagination is present in REMOTE
2018-10-23 22:41:33,013 [TestNG-tests-1] ERROR com.CucumberCraft.supportLibraries.DriverFactory - Could not start a new session. Possible causes are invalid address of the remote server or browser start-up failure.
Build info: version: '3.7.1', revision: '8a0099a', time: '2017-11-06T21:01:39.354Z'
System info: host: 'AJIT-PC', ip: '10.79.100.64', os.name: 'Windows 7', os.arch: 'amd64', os.version: '6.1', java.version: '1.8.0_171'
Driver info: driver.version: RemoteWebDriver
2018-10-23 22:41:33,022 [TestNG-tests-1] ERROR com.CucumberCraft.stepDefinitions.CukeHooks - Error at Before Scenario null
2018-10-23 22:41:35,123 [TestNG-tests-1] INFO  com.CucumberCraft.ExcelReadWrite.ExcelReadWrite - Reading Excel file.................................
2018-10-23 22:41:35,124 [TestNG-tests-1] INFO  com.CucumberCraft.ExcelReadWrite.ExcelReadWrite - Reading Excel file......................................
2018-10-23 22:41:35,124 [TestNG-tests-1] INFO  com.CucumberCraft.ExcelReadWrite.ExcelReadWrite - Sucessfully loaded the excel file data from excel file name: Promo_DB_Data.xlsx
2018-10-23 22:41:35,124 [TestNG-tests-1] INFO  com.CucumberCraft.ExcelReadWrite.ExcelReadWrite - Excel file instance is closed..... 
2018-10-23 22:41:35,165 [TestNG-tests-1] INFO  com.CucumberCraft.ExcelReadWrite.ExcelReadWrite - {0=[Test Scenario, TestId, Test cases, TestUrl, Promo Code, jsonPath, Keywords, Keywords1, date, date1, date2], 1=[Promo_PST_TA Search, APS_01, Verify search label name is "Promo/PST/TA Code", https://apt-dev.apps.depaas.qcorpaa.aa.com/], 2=[Promo_PST_TA Search, APS_02, Verify the Search Box have Magnifier glass icon next to it., https://apt-dev.apps.depaas.qcorpaa.aa.com/], 3=[Promo_PST_TA Search, APS_03, Verify "Current Promos only" checkbox is present & is clickable, https://apt-dev.apps.depaas.qcorpaa.aa.com/], 4=[Promo_PST_TA Search, APS_04, Verify the Error message Required, https://apt-dev.apps.depaas.qcorpaa.aa.com/], 5=[Promo_PST_TA Search, APS_05, Verify the Error message "Enter at least 2 characters", https://apt-dev.apps.depaas.qcorpaa.aa.com/, Z], 6=[Promo_PST_TA Search, APS_06, Verify the Error message  "Special characters not allowed", https://apt-dev.apps.depaas.qcorpaa.aa.com/, #$%^], 7=[Promo_PST_TA Search, APS_07, Verify the maximum charater limit of error message "A max of 5 characters can be entered"., https://apt-dev.apps.depaas.qcorpaa.aa.com/, ASWERTY], 8=[Promo_PST_TA Search, APS_08, Verify search button will work only when the user clicks on the magnifying glass., https://apt-dev.apps.depaas.qcorpaa.aa.com/, P468B], 9=[Promo_PST_TA Search, APS_09, Verify search button will be enabled ONLY AFTER there is some user input., https://apt-dev.apps.depaas.qcorpaa.aa.com/, P468B], 10=[Promo_PST_TA Search, APS_10, Verify error message when APT can't connect to any system., https://apt-dev.apps.depaas.qcorpaa.aa.com/, P468B], 11=[Promo_PST_TA Search, APS_11, Verify user is only able to use only one search options, https://apt-dev.apps.depaas.qcorpaa.aa.com/, P468B], 12=[Promo_PST_TA Search, APS_12, Enter  a valid Promo code., https://apt-dev.apps.depaas.qcorpaa.aa.com/, P468B], 13=[Promo_PST_TA Search, APS_13, Enter  a valid PST code., https://apt-dev.apps.depaas.qcorpaa.aa.com/, RDLEP], 14=[Promo_PST_TA Search, APS_14, Enter  a valid TA code., https://apt-dev.apps.depaas.qcorpaa.aa.com/, EHI02], 15=[Promo_PST_TA Search, APS_15, Enter  a invalid Promo code., https://apt-dev.apps.depaas.qcorpaa.aa.com/, ASERT], 16=[Promo_PST_TA Search, APS_16, Enter  a invalid PST code., https://apt-dev.apps.depaas.qcorpaa.aa.com/, ZASER], 17=[Promo_PST_TA Search, APS_17, Enter  a invalid TA code., https://apt-dev.apps.depaas.qcorpaa.aa.com/, ADERT], 18=[Promo_PST_TA Search, APS_18, Select checkbox "Current promos only" after entering Promo/PT/TA code., https://apt-dev.apps.depaas.qcorpaa.aa.com/, EHI02], 19=[UserStory_US859468(Tab name and Sort by : validation), APS_19, Verify tab names on the page, https://apt-dev.apps.depaas.qcorpaa.aa.com/, RR, https://lscs-tst-adv.qcorpaa.aa.com/lscs-static/324/242/3242429b7935f62252338ef8f41d1745/content/pubcontent/en_US/aadvantage-promotions/promotion/RR.json], 20=[UserStory_US859468(Tab name and Sort by : validation), APS_20, Verify the sort dropdown and their value, https://apt-dev.apps.depaas.qcorpaa.aa.com/, RR, https://lscs-tst-adv.qcorpaa.aa.com/lscs-static/324/242/3242429b7935f62252338ef8f41d1745/content/pubcontent/en_US/aadvantage-promotions/promotion/RR.json], 21=[UserStory_US859355(Json and Promo box field validation for multiple or single ), APS_21, Verify fields name in each promobox present on the page, https://apt-dev.apps.depaas.qcorpaa.aa.com/, RR, https://lscs-tst-adv.qcorpaa.aa.com/lscs-static/324/242/3242429b7935f62252338ef8f41d1745/content/pubcontent/en_US/aadvantage-promotions/promotion/RR.json], 22=[UserStory_US859355(Json and Promo box field validation for multiple or single ), APS_22, Verify expand button against promo code and ui fields with respect to Json data, https://apt-dev.apps.depaas.qcorpaa.aa.com/, RR, https://lscs-tst-adv.qcorpaa.aa.com/lscs-static/324/242/3242429b7935f62252338ef8f41d1745/content/pubcontent/en_US/aadvantage-promotions/promotion/RVGLD.json], 23=[UserStory_US859355(Json and Promo box field validation for multiple or single ), APS_23, Verify expand button against promo code for sigle result of  promo code and ui fields with respect to Json data, https://apt-dev.apps.depaas.qcorpaa.aa.com/, RVGLD, https://lscs-tst-adv.qcorpaa.aa.com/lscs-static/324/242/3242429b7935f62252338ef8f41d1745/content/pubcontent/en_US/aadvantage-promotions/promotion/RVGLD.json], 24=[UserStory_US859355(Json and Promo box field validation for multiple or single ), APS_24, Verify expand button against promo code and ui fields with respect to Json data, https://apt-dev.apps.depaas.qcorpaa.aa.com/, RDLEP, https://lscs-tst-adv.qcorpaa.aa.com/lscs-static/324/242/3242429b7935f62252338ef8f41d1745/content/pubcontent/en_US/aadvantage-promotions/promotion/RDLEP.json], 25=[UserStory_US859355(Json and Promo box field validation for multiple or single ), APS_25, Verify expand button against promo code and ui fields with respect to Json data, https://apt-dev.apps.depaas.qcorpaa.aa.com/, RHVGL, https://lscs-tst-adv.qcorpaa.aa.com/lscs-static/324/242/3242429b7935f62252338ef8f41d1745/content/pubcontent/en_US/aadvantage-promotions/promotion/RHVGL.json], 26=[UserStory_US859355(Json and Promo box field validation for multiple or single ), APS_26, Verify expand button against promo code and ui fields with respect to Json data, https://apt-dev.apps.depaas.qcorpaa.aa.com/, RHVEP, https://lscs-tst-adv.qcorpaa.aa.com/lscs-static/324/242/3242429b7935f62252338ef8f41d1745/content/pubcontent/en_US/aadvantage-promotions/promotion/RHVEP.json], 27=[UserStory_US859355(Json and Promo box field validation for multiple or single ), APS_27, Verify expand button against promo code and ui fields with respect to Json data, https://apt-dev.apps.depaas.qcorpaa.aa.com/, CKEL6, https://lscs-tst-adv.qcorpaa.aa.com/lscs-static/324/242/3242429b7935f62252338ef8f41d1745/content/pubcontent/en_US/aadvantage-promotions/promotion/CKEL6.json], 28=[UserStory_US859355(Json and Promo box field validation for multiple or single ), APS_28, Verify expand button against promo code and ui fields with respect to Json data, https://apt-dev.apps.depaas.qcorpaa.aa.com/, CKEL6, https://lscs-tst-adv.qcorpaa.aa.com/lscs-static/324/242/3242429b7935f62252338ef8f41d1745/content/pubcontent/en_US/aadvantage-promotions/promotion/CKEL6.json], 29=[UserStory_US859355(Json and Promo box field validation for multiple or single ), APS_29, Verify expand button against promo code and ui fields with respect to Json data, https://apt-dev.apps.depaas.qcorpaa.aa.com/, CKEL6, https://lscs-tst-adv.qcorpaa.aa.com/lscs-static/324/242/3242429b7935f62252338ef8f41d1745/content/pubcontent/en_US/aadvantage-promotions/promotion/CKEL6.json], 30=[UserStory_US880513(Expanded PromoBox fileds Validation), APS_30, Verify the field in the expanded promo box in Search result page , https://apt-dev.apps.depaas.qcorpaa.aa.com/, CKEL6], 31=[UserStory_US859349(“Keywords, Date Range, Misc Search UI Component”), APS_31, Validate the fields and filed names , https://apt-dev.apps.depaas.qcorpaa.aa.com/], 32=[UserStory_US859349(“Keywords, Date Range, Misc Search UI Component”), APS_32, Validating message of the Keywords Text box, https://apt-dev.apps.depaas.qcorpaa.aa.com/, #$@sdf, NA, 1234567890asadgadggiufgfagfa1213132dgasdgasdgfgadasdgyffgasfgsfgsgfsfs1213124234ggadasdgasgf123234g234adgascbasjcgdrereertretdfgdfgfhfhgfjtyuytuytutytyrtrtrrerwerwerwer4545465465454fgdfgdgdghdfhfghfgjhghjghjghjhgdgdfggdfgdfgfhfghgfjhgjhgjbfdvdffdfsdfsdfsdfdfgertretrtrttyr655675rthgtrhtfhytutyuhfgbfg12, HV38M,HV38P,HV38T,HVL8G,CKEL1, RVPLT], 33=[UserStory_US859349(“Keywords, Date Range, Misc Search UI Component”), APS_33, Adding and removing keywords , https://apt-dev.apps.depaas.qcorpaa.aa.com/, NA, NA, NA, HV38M,HV38P,HV38T,HVL8G,CKEL1, RVPLT], 34=[UserStory_US859349(“Keywords, Date Range, Misc Search UI Component”), APS_34, Effective date range and to date box date format and two year validation message, https://apt-dev.apps.depaas.qcorpaa.aa.com/, NA, NA, NA, NA, 21/01/2018, 13/18/2018, 09/26/2016], 35=[UserStory_US859349(“Keywords, Date Range, Misc Search UI Component”), APS_35, Effective date range and to date box date format and two year validation message, https://apt-dev.apps.depaas.qcorpaa.aa.com/], 36=[UserStory_US859349(“Keywords, Date Range, Misc Search UI Component”), APS_36, Miscelaneous fileld, https://apt-dev.apps.depaas.qcorpaa.aa.com/], 37=[UserStory_US859349(“Keywords, Date Range, Misc Search UI Component”), APS_37,  Partner codes, https://apt-dev.apps.depaas.qcorpaa.aa.com/], 38=[UserStory_US859349(“Keywords, Date Range, Misc Search UI Component”), APS_38, Search button, https://apt-dev.apps.depaas.qcorpaa.aa.com/], 39=[UserStory_US859349(“Keywords, Date Range, Misc Search UI Component”), APS_39, clear all button, https://apt-dev.apps.depaas.qcorpaa.aa.com/, NA, NA, HV38M, NA, 09/26/2017, 09/26/2018], 40=[UserStory_US868749(Sort By functionality), APS_44, Verify the sort dropdown and their value, https://apt-dev.apps.depaas.qcorpaa.aa.com/, RV], 41=[UserStory_US869555(pagination), APS_45, Verify the pagination is present , https://apt-dev.apps.depaas.qcorpaa.aa.com/, AA], 42=[UserStory_US869555(pagination), APS_46, Verify the pagination is absent, https://apt-dev.apps.depaas.qcorpaa.aa.com/, RV]}
2018-10-23 22:41:35,167 [TestNG-tests-1] INFO  com.CucumberCraft.ExcelReadWrite.ExcelReadWrite - File data is sucessfully loaded to the feature file
2018-10-23 22:41:35,205 [TestNG-tests-1] INFO  com.CucumberCraft.supportLibraries.DriverManager - Thread has no WedDriver, creating new one
2018-10-23 22:41:35,214 [TestNG-tests-1] ERROR com.CucumberCraft.supportLibraries.DriverFactory - 
2018-10-23 22:41:35,258 [TestNG-tests-1] WARN  com.CucumberCraft.Screenshot.ImageToPdf - Created pdf .....
2018-10-23 22:41:35,258 [TestNG-tests-1] WARN  com.CucumberCraft.Screenshot.ImageToPdf - Created pdf .....
2018-10-23 22:41:35,258 [TestNG-tests-1] WARN  com.CucumberCraft.Screenshot.ImageToPdf - Created pdf .....
2018-10-23 22:41:36,071 [TestNG-tests-1] INFO  com.CucumberCraft.Screenshot.ImageToPdf - No screenshot !! No pdf :)
2018-10-23 22:41:36,173 [TestNG-tests-1] INFO  com.CucumberCraft.stepDefinitions.CukeHooks - Test case status : failed
2018-10-23 22:41:36,174 [TestNG-tests-1] INFO  com.CucumberCraft.stepDefinitions.CukeHooks - "Verify the pagination is present" testing completed
2018-10-23 22:41:36,174 [TestNG-tests-1] INFO  com.CucumberCraft.supportLibraries.DriverManager - Thread has no WedDriver, creating new one
2018-10-23 22:41:36,176 [TestNG-tests-1] ERROR com.CucumberCraft.supportLibraries.DriverFactory - 
Failure in after hook:CukeHooks.embedScreenshot(Scenario)
Message: java.lang.NullPointerException
	at com.CucumberCraft.supportLibraries.DriverManager.setWebDriver(DriverManager.java:88)
	at com.CucumberCraft.supportLibraries.DriverManager.getWebDriver(DriverManager.java:46)
	at com.CucumberCraft.stepDefinitions.CukeHooks.embedScreenshot(CukeHooks.java:137)
	at sun.reflect.NativeMethodAccessorImpl.invoke0(Native Method)
	at sun.reflect.NativeMethodAccessorImpl.invoke(NativeMethodAccessorImpl.java:62)
	at sun.reflect.DelegatingMethodAccessorImpl.invoke(DelegatingMethodAccessorImpl.java:43)
	at java.lang.reflect.Method.invoke(Method.java:498)
	at cucumber.runtime.Utils$1.call(Utils.java:40)
	at cucumber.runtime.Timeout.timeout(Timeout.java:16)
	at cucumber.runtime.Utils.invoke(Utils.java:34)
	at cucumber.runtime.java.JavaHookDefinition.execute(JavaHookDefinition.java:60)
	at cucumber.runtime.Runtime.runHookIfTagsMatch(Runtime.java:224)
	at cucumber.runtime.Runtime.runHooks(Runtime.java:212)
	at cucumber.runtime.Runtime.runAfterHooks(Runtime.java:206)
	at cucumber.runtime.model.CucumberScenario.run(CucumberScenario.java:46)
	at cucumber.runtime.model.CucumberFeature.run(CucumberFeature.java:165)
	at cucumber.api.testng.TestNGCucumberRunner.runCucumber(TestNGCucumberRunner.java:63)
	at cucumber.api.testng.AbstractTestNGCucumberTests.feature(AbstractTestNGCucumberTests.java:21)
	at sun.reflect.NativeMethodAccessorImpl.invoke0(Native Method)
	at sun.reflect.NativeMethodAccessorImpl.invoke(NativeMethodAccessorImpl.java:62)
	at sun.reflect.DelegatingMethodAccessorImpl.invoke(DelegatingMethodAccessorImpl.java:43)
	at java.lang.reflect.Method.invoke(Method.java:498)
	at org.testng.internal.MethodInvocationHelper.invokeMethod(MethodInvocationHelper.java:108)
	at org.testng.internal.Invoker.invokeMethod(Invoker.java:661)
	at org.testng.internal.Invoker.invokeTestMethod(Invoker.java:869)
	at org.testng.internal.Invoker.invokeTestMethods(Invoker.java:1193)
	at org.testng.internal.TestMethodWorker.invokeTestMethods(TestMethodWorker.java:126)
	at org.testng.internal.TestMethodWorker.run(TestMethodWorker.java:109)
	at org.testng.TestRunner.privateRun(TestRunner.java:744)
	at org.testng.TestRunner.run(TestRunner.java:602)
	at org.testng.SuiteRunner.runTest(SuiteRunner.java:380)
	at org.testng.SuiteRunner.access$000(SuiteRunner.java:39)
	at org.testng.SuiteRunner$SuiteWorker.run(SuiteRunner.java:414)
	at org.testng.internal.thread.ThreadUtil$1.call(ThreadUtil.java:52)
	at java.util.concurrent.FutureTask.run(FutureTask.java:266)
	at java.util.concurrent.ThreadPoolExecutor.runWorker(ThreadPoolExecutor.java:1149)
	at java.util.concurrent.ThreadPoolExecutor$Worker.run(ThreadPoolExecutor.java:624)
	at java.lang.Thread.run(Thread.java:748)

      java.lang.NullPointerException
      	at com.CucumberCraft.supportLibraries.DriverManager.setWebDriver(DriverManager.java:88)
      	at com.CucumberCraft.supportLibraries.DriverManager.getWebDriver(DriverManager.java:46)
      	at com.CucumberCraft.stepDefinitions.CukeHooks.embedScreenshot(CukeHooks.java:137)
      	at sun.reflect.NativeMethodAccessorImpl.invoke0(Native Method)
      	at sun.reflect.NativeMethodAccessorImpl.invoke(NativeMethodAccessorImpl.java:62)
      	at sun.reflect.DelegatingMethodAccessorImpl.invoke(DelegatingMethodAccessorImpl.java:43)
      	at java.lang.reflect.Method.invoke(Method.java:498)
      	at cucumber.runtime.Utils$1.call(Utils.java:40)
      	at cucumber.runtime.Timeout.timeout(Timeout.java:16)
      	at cucumber.runtime.Utils.invoke(Utils.java:34)
      	at cucumber.runtime.java.JavaHookDefinition.execute(JavaHookDefinition.java:60)
      	at cucumber.runtime.Runtime.runHookIfTagsMatch(Runtime.java:224)
      	at cucumber.runtime.Runtime.runHooks(Runtime.java:212)
      	at cucumber.runtime.Runtime.runAfterHooks(Runtime.java:206)
      	at cucumber.runtime.model.CucumberScenario.run(CucumberScenario.java:46)
      	at cucumber.runtime.model.CucumberFeature.run(CucumberFeature.java:165)
      	at cucumber.api.testng.TestNGCucumberRunner.runCucumber(TestNGCucumberRunner.java:63)
      	at cucumber.api.testng.AbstractTestNGCucumberTests.feature(AbstractTestNGCucumberTests.java:21)
      	at sun.reflect.NativeMethodAccessorImpl.invoke0(Native Method)
      	at sun.reflect.NativeMethodAccessorImpl.invoke(NativeMethodAccessorImpl.java:62)
      	at sun.reflect.DelegatingMethodAccessorImpl.invoke(DelegatingMethodAccessorImpl.java:43)
      	at java.lang.reflect.Method.invoke(Method.java:498)
      	at org.testng.internal.MethodInvocationHelper.invokeMethod(MethodInvocationHelper.java:108)
      	at org.testng.internal.Invoker.invokeMethod(Invoker.java:661)
      	at org.testng.internal.Invoker.invokeTestMethod(Invoker.java:869)
      	at org.testng.internal.Invoker.invokeTestMethods(Invoker.java:1193)
      	at org.testng.internal.TestMethodWorker.invokeTestMethods(TestMethodWorker.java:126)
      	at org.testng.internal.TestMethodWorker.run(TestMethodWorker.java:109)
      	at org.testng.TestRunner.privateRun(TestRunner.java:744)
      	at org.testng.TestRunner.run(TestRunner.java:602)
      	at org.testng.SuiteRunner.runTest(SuiteRunner.java:380)
      	at org.testng.SuiteRunner.access$000(SuiteRunner.java:39)
      	at org.testng.SuiteRunner$SuiteWorker.run(SuiteRunner.java:414)
      	at org.testng.internal.thread.ThreadUtil$1.call(ThreadUtil.java:52)
      	at java.util.concurrent.FutureTask.run(FutureTask.java:266)
      	at java.util.concurrent.ThreadPoolExecutor.runWorker(ThreadPoolExecutor.java:1149)
      	at java.util.concurrent.ThreadPoolExecutor$Worker.run(ThreadPoolExecutor.java:624)
      	at java.lang.Thread.run(Thread.java:748)


  @TestId_APS_45 @UserStory_US869555
  Scenario: Verify the pagination is present                                                          # UserStory_US869555.feature:4
    Given user loads the data from "excel" located at "src/test/resources/Fixture/Promo_DB_Data.xlsx" # Browser_Excel_StepDef.user_loads_the_data_from_located_at(String,String)
    Then user launches browser with url "#TestUrl"                                                    # Browser_Excel_StepDef.user_launches_browser_with_url(String)
      java.lang.ExceptionInInitializerError
      	at com.CucumberCraft.Screenshot.ScreenshotTaker.<clinit>(ScreenshotTaker.java:19)
      	at com.CucumberCraft.stepDefinitions.Browser_Excel_StepDef.user_launches_browser_with_url(Browser_Excel_StepDef.java:28)
      	at ?.Then user launches browser with url "#TestUrl"(UserStory_US869555.feature:6)
      Caused by: java.lang.NullPointerException
      	at com.CucumberCraft.supportLibraries.DriverManager.setWebDriver(DriverManager.java:88)
      	at com.CucumberCraft.supportLibraries.DriverManager.getWebDriver(DriverManager.java:46)
      	at com.CucumberCraft.Screenshot.EventHandler.<clinit>(EventHandler.java:16)
      	at com.CucumberCraft.Screenshot.ScreenshotTaker.<clinit>(ScreenshotTaker.java:19)
      	at com.CucumberCraft.stepDefinitions.Browser_Excel_StepDef.user_launches_browser_with_url(Browser_Excel_StepDef.java:28)
      	at sun.reflect.NativeMethodAccessorImpl.invoke0(Native Method)
      	at sun.reflect.NativeMethodAccessorImpl.invoke(NativeMethodAccessorImpl.java:62)
      	at sun.reflect.DelegatingMethodAccessorImpl.invoke(DelegatingMethodAccessorImpl.java:43)
      	at java.lang.reflect.Method.invoke(Method.java:498)
      	at cucumber.runtime.Utils$1.call(Utils.java:40)
      	at cucumber.runtime.Timeout.timeout(Timeout.java:16)
      	at cucumber.runtime.Utils.invoke(Utils.java:34)
      	at cucumber.runtime.java.JavaStepDefinition.execute(JavaStepDefinition.java:38)
      	at cucumber.runtime.StepDefinitionMatch.runStep(StepDefinitionMatch.java:37)
      	at cucumber.runtime.Runtime.runStep(Runtime.java:300)
      	at cucumber.runtime.model.StepContainer.runStep(StepContainer.java:44)
      	at cucumber.runtime.model.StepContainer.runSteps(StepContainer.java:39)
      	at cucumber.runtime.model.CucumberScenario.run(CucumberScenario.java:44)
      	at cucumber.runtime.model.CucumberFeature.run(CucumberFeature.java:165)
      	at cucumber.api.testng.TestNGCucumberRunner.runCucumber(TestNGCucumberRunner.java:63)
      	at cucumber.api.testng.AbstractTestNGCucumberTests.feature(AbstractTestNGCucumberTests.java:21)
      	at sun.reflect.NativeMethodAccessorImpl.invoke0(Native Method)
      	at sun.reflect.NativeMethodAccessorImpl.invoke(NativeMethodAccessorImpl.java:62)
      	at sun.reflect.DelegatingMethodAccessorImpl.invoke(DelegatingMethodAccessorImpl.java:43)
      	at java.lang.reflect.Method.invoke(Method.java:498)
      	at org.testng.internal.MethodInvocationHelper.invokeMethod(MethodInvocationHelper.java:108)
      	at org.testng.internal.Invoker.invokeMethod(Invoker.java:661)
      	at org.testng.internal.Invoker.invokeTestMethod(Invoker.java:869)
      	at org.testng.internal.Invoker.invokeTestMethods(Invoker.java:1193)
      	at org.testng.internal.TestMethodWorker.invokeTestMethods(TestMethodWorker.java:126)
      	at org.testng.internal.TestMethodWorker.run(TestMethodWorker.java:109)
      	at org.testng.TestRunner.privateRun(TestRunner.java:744)
      	at org.testng.TestRunner.run(TestRunner.java:602)
      	at org.testng.SuiteRunner.runTest(SuiteRunner.java:380)
      	at org.testng.SuiteRunner.access$000(SuiteRunner.java:39)
      	at org.testng.SuiteRunner$SuiteWorker.run(SuiteRunner.java:414)
      	at org.testng.internal.thread.ThreadUtil$1.call(ThreadUtil.java:52)
      	at java.util.concurrent.FutureTask.run(FutureTask.java:266)
      	at java.util.concurrent.ThreadPoolExecutor.runWorker(ThreadPoolExecutor.java:1149)
      	at java.util.concurrent.ThreadPoolExecutor$Worker.run(ThreadPoolExecutor.java:624)
      	at java.lang.Thread.run(Thread.java:748)

    And user enters the Promo code "#Promo Code" in Search box named " Promo / PST / TA Code "        # UserStory_US859342.user_enters_the_Promo_code_in_Search_box_named(String,String)
    And user clicks on the search button                                                              # UserStory_US859342.user_clicks_on_the_search_button()
    When user checks that maximum 10 promo box are present in search result                           # UserStory_US869555.user_checks_that_maximum_promo_box_are_present_in_search_result(int)
    Then user can see page number and pagination icon                                                 # UserStory_US869555.user_can_see_page_number_and_next_icon()
]]></system-out>
    <system-err><![CDATA[org.openqa.selenium.remote.UnreachableBrowserException: Could not start a new session. Possible causes are invalid address of the remote server or browser start-up failure.
Build info: version: '3.7.1', revision: '8a0099a', time: '2017-11-06T21:01:39.354Z'
System info: host: 'AJIT-PC', ip: '10.79.100.64', os.name: 'Windows 7', os.arch: 'amd64', os.version: '6.1', java.version: '1.8.0_171'
Driver info: driver.version: RemoteWebDriver
	at org.openqa.selenium.remote.RemoteWebDriver.execute(RemoteWebDriver.java:621)
	at org.openqa.selenium.remote.RemoteWebDriver.startSession(RemoteWebDriver.java:219)
	at org.openqa.selenium.remote.RemoteWebDriver.<init>(RemoteWebDriver.java:142)
	at org.openqa.selenium.remote.RemoteWebDriver.<init>(RemoteWebDriver.java:155)
	at com.CucumberCraft.supportLibraries.WebDriverFactory.getRemoteWebDriver(WebDriverFactory.java:160)
	at com.CucumberCraft.supportLibraries.DriverFactory.createInstanceWebDriver(DriverFactory.java:79)
	at com.CucumberCraft.stepDefinitions.CukeHooks.invokeForDesktopExecution(CukeHooks.java:70)
	at com.CucumberCraft.stepDefinitions.CukeHooks.setUp(CukeHooks.java:54)
	at sun.reflect.NativeMethodAccessorImpl.invoke0(Native Method)
	at sun.reflect.NativeMethodAccessorImpl.invoke(NativeMethodAccessorImpl.java:62)
	at sun.reflect.DelegatingMethodAccessorImpl.invoke(DelegatingMethodAccessorImpl.java:43)
	at java.lang.reflect.Method.invoke(Method.java:498)
	at cucumber.runtime.Utils$1.call(Utils.java:40)
	at cucumber.runtime.Timeout.timeout(Timeout.java:16)
	at cucumber.runtime.Utils.invoke(Utils.java:34)
	at cucumber.runtime.java.JavaHookDefinition.execute(JavaHookDefinition.java:60)
	at cucumber.runtime.Runtime.runHookIfTagsMatch(Runtime.java:224)
	at cucumber.runtime.Runtime.runHooks(Runtime.java:212)
	at cucumber.runtime.Runtime.runBeforeHooks(Runtime.java:202)
	at cucumber.runtime.model.CucumberScenario.run(CucumberScenario.java:40)
	at cucumber.runtime.model.CucumberFeature.run(CucumberFeature.java:165)
	at cucumber.api.testng.TestNGCucumberRunner.runCucumber(TestNGCucumberRunner.java:63)
	at cucumber.api.testng.AbstractTestNGCucumberTests.feature(AbstractTestNGCucumberTests.java:21)
	at sun.reflect.NativeMethodAccessorImpl.invoke0(Native Method)
	at sun.reflect.NativeMethodAccessorImpl.invoke(NativeMethodAccessorImpl.java:62)
	at sun.reflect.DelegatingMethodAccessorImpl.invoke(DelegatingMethodAccessorImpl.java:43)
	at java.lang.reflect.Method.invoke(Method.java:498)
	at org.testng.internal.MethodInvocationHelper.invokeMethod(MethodInvocationHelper.java:108)
	at org.testng.internal.Invoker.invokeMethod(Invoker.java:661)
	at org.testng.internal.Invoker.invokeTestMethod(Invoker.java:869)
	at org.testng.internal.Invoker.invokeTestMethods(Invoker.java:1193)
	at org.testng.internal.TestMethodWorker.invokeTestMethods(TestMethodWorker.java:126)
	at org.testng.internal.TestMethodWorker.run(TestMethodWorker.java:109)
	at org.testng.TestRunner.privateRun(TestRunner.java:744)
	at org.testng.TestRunner.run(TestRunner.java:602)
	at org.testng.SuiteRunner.runTest(SuiteRunner.java:380)
	at org.testng.SuiteRunner.access$000(SuiteRunner.java:39)
	at org.testng.SuiteRunner$SuiteWorker.run(SuiteRunner.java:414)
	at org.testng.internal.thread.ThreadUtil$1.call(ThreadUtil.java:52)
	at java.util.concurrent.FutureTask.run(FutureTask.java:266)
	at java.util.concurrent.ThreadPoolExecutor.runWorker(ThreadPoolExecutor.java:1149)
	at java.util.concurrent.ThreadPoolExecutor$Worker.run(ThreadPoolExecutor.java:624)
	at java.lang.Thread.run(Thread.java:748)
Caused by: org.apache.http.conn.HttpHostConnectException: Connect to localhost:48410 [localhost/127.0.0.1, localhost/0:0:0:0:0:0:0:1] failed: Connection refused: connect
	at org.apache.http.impl.conn.DefaultHttpClientConnectionOperator.connect(DefaultHttpClientConnectionOperator.java:158)
	at org.apache.http.impl.conn.PoolingHttpClientConnectionManager.connect(PoolingHttpClientConnectionManager.java:353)
	at org.apache.http.impl.execchain.MainClientExec.establishRoute(MainClientExec.java:380)
	at org.apache.http.impl.execchain.MainClientExec.execute(MainClientExec.java:236)
	at org.apache.http.impl.execchain.ProtocolExec.execute(ProtocolExec.java:184)
	at org.apache.http.impl.execchain.RetryExec.execute(RetryExec.java:88)
	at org.apache.http.impl.execchain.RedirectExec.execute(RedirectExec.java:110)
	at org.apache.http.impl.client.InternalHttpClient.doExecute(InternalHttpClient.java:184)
	at org.apache.http.impl.client.CloseableHttpClient.execute(CloseableHttpClient.java:71)
	at org.apache.http.impl.client.CloseableHttpClient.execute(CloseableHttpClient.java:55)
	at org.openqa.selenium.remote.internal.ApacheHttpClient.fallBackExecute(ApacheHttpClient.java:138)
	at org.openqa.selenium.remote.internal.ApacheHttpClient.execute(ApacheHttpClient.java:86)
	at org.openqa.selenium.remote.ProtocolHandshake.createSession(ProtocolHandshake.java:101)
	at org.openqa.selenium.remote.ProtocolHandshake.createSession(ProtocolHandshake.java:73)
	at org.openqa.selenium.remote.HttpCommandExecutor.execute(HttpCommandExecutor.java:142)
	at org.openqa.selenium.remote.RemoteWebDriver.execute(RemoteWebDriver.java:600)
	... 42 more
Caused by: java.net.ConnectException: Connection refused: connect
	at java.net.DualStackPlainSocketImpl.waitForConnect(Native Method)
	at java.net.DualStackPlainSocketImpl.socketConnect(DualStackPlainSocketImpl.java:85)
	at java.net.AbstractPlainSocketImpl.doConnect(AbstractPlainSocketImpl.java:350)
	at java.net.AbstractPlainSocketImpl.connectToAddress(AbstractPlainSocketImpl.java:206)
	at java.net.AbstractPlainSocketImpl.connect(AbstractPlainSocketImpl.java:188)
	at java.net.PlainSocketImpl.connect(PlainSocketImpl.java:172)
	at java.net.SocksSocketImpl.connect(SocksSocketImpl.java:392)
	at java.net.Socket.connect(Socket.java:589)
	at org.apache.http.conn.socket.PlainConnectionSocketFactory.connectSocket(PlainConnectionSocketFactory.java:74)
	at org.apache.http.impl.conn.DefaultHttpClientConnectionOperator.connect(DefaultHttpClientConnectionOperator.java:141)
	... 57 more
java.lang.NullPointerException
	at com.CucumberCraft.supportLibraries.DriverManager.setWebDriver(DriverManager.java:88)
	at com.CucumberCraft.stepDefinitions.CukeHooks.invokeForDesktopExecution(CukeHooks.java:71)
	at com.CucumberCraft.stepDefinitions.CukeHooks.setUp(CukeHooks.java:54)
	at sun.reflect.NativeMethodAccessorImpl.invoke0(Native Method)
	at sun.reflect.NativeMethodAccessorImpl.invoke(NativeMethodAccessorImpl.java:62)
	at sun.reflect.DelegatingMethodAccessorImpl.invoke(DelegatingMethodAccessorImpl.java:43)
	at java.lang.reflect.Method.invoke(Method.java:498)
	at cucumber.runtime.Utils$1.call(Utils.java:40)
	at cucumber.runtime.Timeout.timeout(Timeout.java:16)
	at cucumber.runtime.Utils.invoke(Utils.java:34)
	at cucumber.runtime.java.JavaHookDefinition.execute(JavaHookDefinition.java:60)
	at cucumber.runtime.Runtime.runHookIfTagsMatch(Runtime.java:224)
	at cucumber.runtime.Runtime.runHooks(Runtime.java:212)
	at cucumber.runtime.Runtime.runBeforeHooks(Runtime.java:202)
	at cucumber.runtime.model.CucumberScenario.run(CucumberScenario.java:40)
	at cucumber.runtime.model.CucumberFeature.run(CucumberFeature.java:165)
	at cucumber.api.testng.TestNGCucumberRunner.runCucumber(TestNGCucumberRunner.java:63)
	at cucumber.api.testng.AbstractTestNGCucumberTests.feature(AbstractTestNGCucumberTests.java:21)
	at sun.reflect.NativeMethodAccessorImpl.invoke0(Native Method)
	at sun.reflect.NativeMethodAccessorImpl.invoke(NativeMethodAccessorImpl.java:62)
	at sun.reflect.DelegatingMethodAccessorImpl.invoke(DelegatingMethodAccessorImpl.java:43)
	at java.lang.reflect.Method.invoke(Method.java:498)
	at org.testng.internal.MethodInvocationHelper.invokeMethod(MethodInvocationHelper.java:108)
	at org.testng.internal.Invoker.invokeMethod(Invoker.java:661)
	at org.testng.internal.Invoker.invokeTestMethod(Invoker.java:869)
	at org.testng.internal.Invoker.invokeTestMethods(Invoker.java:1193)
	at org.testng.internal.TestMethodWorker.invokeTestMethods(TestMethodWorker.java:126)
	at org.testng.internal.TestMethodWorker.run(TestMethodWorker.java:109)
	at org.testng.TestRunner.privateRun(TestRunner.java:744)
	at org.testng.TestRunner.run(TestRunner.java:602)
	at org.testng.SuiteRunner.runTest(SuiteRunner.java:380)
	at org.testng.SuiteRunner.access$000(SuiteRunner.java:39)
	at org.testng.SuiteRunner$SuiteWorker.run(SuiteRunner.java:414)
	at org.testng.internal.thread.ThreadUtil$1.call(ThreadUtil.java:52)
	at java.util.concurrent.FutureTask.run(FutureTask.java:266)
	at java.util.concurrent.ThreadPoolExecutor.runWorker(ThreadPoolExecutor.java:1149)
	at java.util.concurrent.ThreadPoolExecutor$Worker.run(ThreadPoolExecutor.java:624)
	at java.lang.Thread.run(Thread.java:748)
java.lang.NullPointerException
	at com.CucumberCraft.supportLibraries.DriverFactory.createInstanceWebDriver(DriverFactory.java:72)
	at com.CucumberCraft.supportLibraries.DriverManager.getWebDriver(DriverManager.java:46)
	at com.CucumberCraft.Screenshot.EventHandler.<clinit>(EventHandler.java:16)
	at com.CucumberCraft.Screenshot.ScreenshotTaker.<clinit>(ScreenshotTaker.java:19)
	at com.CucumberCraft.stepDefinitions.Browser_Excel_StepDef.user_launches_browser_with_url(Browser_Excel_StepDef.java:28)
	at sun.reflect.NativeMethodAccessorImpl.invoke0(Native Method)
	at sun.reflect.NativeMethodAccessorImpl.invoke(NativeMethodAccessorImpl.java:62)
	at sun.reflect.DelegatingMethodAccessorImpl.invoke(DelegatingMethodAccessorImpl.java:43)
	at java.lang.reflect.Method.invoke(Method.java:498)
	at cucumber.runtime.Utils$1.call(Utils.java:40)
	at cucumber.runtime.Timeout.timeout(Timeout.java:16)
	at cucumber.runtime.Utils.invoke(Utils.java:34)
	at cucumber.runtime.java.JavaStepDefinition.execute(JavaStepDefinition.java:38)
	at cucumber.runtime.StepDefinitionMatch.runStep(StepDefinitionMatch.java:37)
	at cucumber.runtime.Runtime.runStep(Runtime.java:300)
	at cucumber.runtime.model.StepContainer.runStep(StepContainer.java:44)
	at cucumber.runtime.model.StepContainer.runSteps(StepContainer.java:39)
	at cucumber.runtime.model.CucumberScenario.run(CucumberScenario.java:44)
	at cucumber.runtime.model.CucumberFeature.run(CucumberFeature.java:165)
	at cucumber.api.testng.TestNGCucumberRunner.runCucumber(TestNGCucumberRunner.java:63)
	at cucumber.api.testng.AbstractTestNGCucumberTests.feature(AbstractTestNGCucumberTests.java:21)
	at sun.reflect.NativeMethodAccessorImpl.invoke0(Native Method)
	at sun.reflect.NativeMethodAccessorImpl.invoke(NativeMethodAccessorImpl.java:62)
	at sun.reflect.DelegatingMethodAccessorImpl.invoke(DelegatingMethodAccessorImpl.java:43)
	at java.lang.reflect.Method.invoke(Method.java:498)
	at org.testng.internal.MethodInvocationHelper.invokeMethod(MethodInvocationHelper.java:108)
	at org.testng.internal.Invoker.invokeMethod(Invoker.java:661)
	at org.testng.internal.Invoker.invokeTestMethod(Invoker.java:869)
	at org.testng.internal.Invoker.invokeTestMethods(Invoker.java:1193)
	at org.testng.internal.TestMethodWorker.invokeTestMethods(TestMethodWorker.java:126)
	at org.testng.internal.TestMethodWorker.run(TestMethodWorker.java:109)
	at org.testng.TestRunner.privateRun(TestRunner.java:744)
	at org.testng.TestRunner.run(TestRunner.java:602)
	at org.testng.SuiteRunner.runTest(SuiteRunner.java:380)
	at org.testng.SuiteRunner.access$000(SuiteRunner.java:39)
	at org.testng.SuiteRunner$SuiteWorker.run(SuiteRunner.java:414)
	at org.testng.internal.thread.ThreadUtil$1.call(ThreadUtil.java:52)
	at java.util.concurrent.FutureTask.run(FutureTask.java:266)
	at java.util.concurrent.ThreadPoolExecutor.runWorker(ThreadPoolExecutor.java:1149)
	at java.util.concurrent.ThreadPoolExecutor$Worker.run(ThreadPoolExecutor.java:624)
	at java.lang.Thread.run(Thread.java:748)
java.lang.NullPointerException
	at com.CucumberCraft.supportLibraries.DriverFactory.createInstanceWebDriver(DriverFactory.java:72)
	at com.CucumberCraft.supportLibraries.DriverManager.getWebDriver(DriverManager.java:46)
	at com.CucumberCraft.stepDefinitions.CukeHooks.embedScreenshot(CukeHooks.java:137)
	at sun.reflect.NativeMethodAccessorImpl.invoke0(Native Method)
	at sun.reflect.NativeMethodAccessorImpl.invoke(NativeMethodAccessorImpl.java:62)
	at sun.reflect.DelegatingMethodAccessorImpl.invoke(DelegatingMethodAccessorImpl.java:43)
	at java.lang.reflect.Method.invoke(Method.java:498)
	at cucumber.runtime.Utils$1.call(Utils.java:40)
	at cucumber.runtime.Timeout.timeout(Timeout.java:16)
	at cucumber.runtime.Utils.invoke(Utils.java:34)
	at cucumber.runtime.java.JavaHookDefinition.execute(JavaHookDefinition.java:60)
	at cucumber.runtime.Runtime.runHookIfTagsMatch(Runtime.java:224)
	at cucumber.runtime.Runtime.runHooks(Runtime.java:212)
	at cucumber.runtime.Runtime.runAfterHooks(Runtime.java:206)
	at cucumber.runtime.model.CucumberScenario.run(CucumberScenario.java:46)
	at cucumber.runtime.model.CucumberFeature.run(CucumberFeature.java:165)
	at cucumber.api.testng.TestNGCucumberRunner.runCucumber(TestNGCucumberRunner.java:63)
	at cucumber.api.testng.AbstractTestNGCucumberTests.feature(AbstractTestNGCucumberTests.java:21)
	at sun.reflect.NativeMethodAccessorImpl.invoke0(Native Method)
	at sun.reflect.NativeMethodAccessorImpl.invoke(NativeMethodAccessorImpl.java:62)
	at sun.reflect.DelegatingMethodAccessorImpl.invoke(DelegatingMethodAccessorImpl.java:43)
	at java.lang.reflect.Method.invoke(Method.java:498)
	at org.testng.internal.MethodInvocationHelper.invokeMethod(MethodInvocationHelper.java:108)
	at org.testng.internal.Invoker.invokeMethod(Invoker.java:661)
	at org.testng.internal.Invoker.invokeTestMethod(Invoker.java:869)
	at org.testng.internal.Invoker.invokeTestMethods(Invoker.java:1193)
	at org.testng.internal.TestMethodWorker.invokeTestMethods(TestMethodWorker.java:126)
	at org.testng.internal.TestMethodWorker.run(TestMethodWorker.java:109)
	at org.testng.TestRunner.privateRun(TestRunner.java:744)
	at org.testng.TestRunner.run(TestRunner.java:602)
	at org.testng.SuiteRunner.runTest(SuiteRunner.java:380)
	at org.testng.SuiteRunner.access$000(SuiteRunner.java:39)
	at org.testng.SuiteRunner$SuiteWorker.run(SuiteRunner.java:414)
	at org.testng.internal.thread.ThreadUtil$1.call(ThreadUtil.java:52)
	at java.util.concurrent.FutureTask.run(FutureTask.java:266)
	at java.util.concurrent.ThreadPoolExecutor.runWorker(ThreadPoolExecutor.java:1149)
	at java.util.concurrent.ThreadPoolExecutor$Worker.run(ThreadPoolExecutor.java:624)
	at java.lang.Thread.run(Thread.java:748)
]]></system-err>
  </testcase>
</testsuite>