<?xml version="1.0" encoding="UTF-8"?>
<testng-results skipped="0" failed="0" ignored="0" total="1" passed="1">
  <reporter-output>
  </reporter-output>
  <suite name="Run Test Cukes" duration-ms="42324" started-at="2018-10-23T06:51:46Z" finished-at="2018-10-23T06:52:28Z">
    <groups>
      <group name="cucumber">
        <method signature="AbstractTestNGCucumberTests.feature(cucumber.api.testng.CucumberFeatureWrapper)[pri:0, instance:com.CucumberCraft.TestNGrunners.RunCucumberTests_Smoke@53c99b09]" name="feature" class="cucumber.api.testng.AbstractTestNGCucumberTests"/>
      </group> <!-- cucumber -->
    </groups>
    <test name="Smoke testing...." duration-ms="42324" started-at="2018-10-23T06:51:46Z" finished-at="2018-10-23T06:52:28Z">
      <class name="com.CucumberCraft.TestNGrunners.RunCucumberTests_Smoke">
        <test-method status="PASS" signature="setUpClass()[pri:0, instance:com.CucumberCraft.TestNGrunners.RunCucumberTests_Smoke@53c99b09]" name="setUpClass" is-config="true" duration-ms="1117" started-at="2018-10-23T12:21:46Z" finished-at="2018-10-23T12:21:47Z">
          <reporter-output>
          </reporter-output>
        </test-method> <!-- setUpClass -->
        <test-method status="PASS" signature="feature(cucumber.api.testng.CucumberFeatureWrapper)[pri:0, instance:com.CucumberCraft.TestNGrunners.RunCucumberTests_Smoke@53c99b09]" name="feature" duration-ms="39082" started-at="2018-10-23T12:21:48Z" description="Runs Cucumber Feature" data-provider="features" finished-at="2018-10-23T12:22:27Z">
          <params>
            <param index="0">
              <value>
                <![CDATA[pagination of box]]>
              </value>
            </param>
          </params>
          <reporter-output>
          </reporter-output>
        </test-method> <!-- feature -->
        <test-method status="PASS" signature="tearDownClass()[pri:0, instance:com.CucumberCraft.TestNGrunners.RunCucumberTests_Smoke@53c99b09]" name="tearDownClass" is-config="true" duration-ms="992" started-at="2018-10-23T12:22:27Z" finished-at="2018-10-23T12:22:28Z">
          <reporter-output>
          </reporter-output>
        </test-method> <!-- tearDownClass -->
        <test-method status="PASS" signature="test()[pri:0, instance:com.CucumberCraft.TestNGrunners.RunCucumberTests_Smoke@53c99b09]" name="test" is-config="true" duration-ms="558" started-at="2018-10-23T12:22:28Z" finished-at="2018-10-23T12:22:28Z">
          <reporter-output>
          </reporter-output>
        </test-method> <!-- test -->
        <test-method status="PASS" signature="copyStoredReports()[pri:0, instance:com.CucumberCraft.TestNGrunners.RunCucumberTests_Smoke@53c99b09]" name="copyStoredReports" is-config="true" duration-ms="1" started-at="2018-10-23T12:22:28Z" finished-at="2018-10-23T12:22:28Z">
          <reporter-output>
          </reporter-output>
        </test-method> <!-- copyStoredReports -->
      </class> <!-- com.CucumberCraft.TestNGrunners.RunCucumberTests_Smoke -->
    </test> <!-- Smoke testing.... -->
  </suite> <!-- Run Test Cukes -->
</testng-results>
